# JRE version: OpenJDK Runtime Environment Temurin-17.0.3+7 (17.0.3+7) (build 17.0.3+7)
# Java VM: OpenJDK 64-Bit Server VM Temurin-17.0.3+7 (17.0.3+7, mixed mode, tiered, compressed oops, compressed class ptrs, g1 gc, windows-amd64)
GC Precious Log:
 CPUs: 8 total, 8 available
 Memory: 8058M
 Large Page Support: Disabled
 NUMA Support: Disabled
 Compressed Oops: Enabled (32-bit)
 Heap Region Size: 1M
 Heap Min Capacity: 8M
 Heap Initial Capacity: 126M
 Heap Max Capacity: 2016M
 Pre-touch: Disabled
 Parallel Workers: 8
 Concurrent Workers: 2
 Concurrent Refinement Workers: 8
 Periodic GC: Disabled
Heap:
 garbage-first heap   total 176128K, used 95789K [0x0000000082000000, 0x0000000100000000)
  region size 1024K, 58 young (59392K), 1 survivors (1024K)
 Metaspace       used 81460K, committed 81984K, reserved 1122304K
  class space    used 10075K, committed 10304K, reserved 1048576K
GC Heap History (20 events):
Event: 1048.415 GC heap before
{Heap before GC invocations=56 (full 0):
 garbage-first heap   total 88064K, used 77086K [0x0000000082000000, 0x0000000100000000)
  region size 1024K, 39 young (39936K), 1 survivors (1024K)
 Metaspace       used 81378K, committed 81856K, reserved 1122304K
  class space    used 10073K, committed 10304K, reserved 1048576K
}
Event: 1050.056 GC heap after
{Heap after GC invocations=57 (full 0):
 garbage-first heap   total 88064K, used 38205K [0x0000000082000000, 0x0000000100000000)
  region size 1024K, 1 young (1024K), 1 survivors (1024K)
 Metaspace       used 81378K, committed 81856K, reserved 1122304K
  class space    used 10073K, committed 10304K, reserved 1048576K
}
Event: 1050.493 GC heap before
{Heap before GC invocations=57 (full 0):
 garbage-first heap   total 88064K, used 41277K [0x0000000082000000, 0x0000000100000000)
  region size 1024K, 4 young (4096K), 1 survivors (1024K)
 Metaspace       used 81379K, committed 81856K, reserved 1122304K
  class space    used 10073K, committed 10304K, reserved 1048576K
}
Event: 1050.538 GC heap after
{Heap after GC invocations=58 (full 0):
 garbage-first heap   total 88064K, used 38164K [0x0000000082000000, 0x0000000100000000)
  region size 1024K, 1 young (1024K), 1 survivors (1024K)
 Metaspace       used 81379K, committed 81856K, reserved 1122304K
  class space    used 10073K, committed 10304K, reserved 1048576K
}
Event: 1050.928 GC heap before
{Heap before GC invocations=58 (full 0):
 garbage-first heap   total 88064K, used 41236K [0x0000000082000000, 0x0000000100000000)
  region size 1024K, 4 young (4096K), 1 survivors (1024K)
 Metaspace       used 81379K, committed 81856K, reserved 1122304K
  class space    used 10073K, committed 10304K, reserved 1048576K
}
Event: 1051.014 GC heap after
{Heap after GC invocations=59 (full 0):
 garbage-first heap   total 176128K, used 38191K [0x0000000082000000, 0x0000000100000000)
  region size 1024K, 1 young (1024K), 1 survivors (1024K)
 Metaspace       used 81379K, committed 81856K, reserved 1122304K
  class space    used 10073K, committed 10304K, reserved 1048576K
}
Event: 1051.931 GC heap before
{Heap before GC invocations=59 (full 0):
 garbage-first heap   total 176128K, used 45359K [0x0000000082000000, 0x0000000100000000)
  region size 1024K, 8 young (8192K), 1 survivors (1024K)
 Metaspace       used 81379K, committed 81856K, reserved 1122304K
  class space    used 10073K, committed 10304K, reserved 1048576K
}
Event: 1052.041 GC heap after
{Heap after GC invocations=60 (full 0):
 garbage-first heap   total 176128K, used 38209K [0x0000000082000000, 0x0000000100000000)
  region size 1024K, 1 young (1024K), 1 survivors (1024K)
 Metaspace       used 81379K, committed 81856K, reserved 1122304K
  class space    used 10073K, committed 10304K, reserved 1048576K
}
Event: 1084.814 GC heap before
{Heap before GC invocations=60 (full 0):
 garbage-first heap   total 176128K, used 142657K [0x0000000082000000, 0x0000000100000000)
  region size 1024K, 103 young (105472K), 1 survivors (1024K)
 Metaspace       used 81391K, committed 81856K, reserved 1122304K
  class space    used 10073K, committed 10304K, reserved 1048576K
}
Event: 1084.890 GC heap after
{Heap after GC invocations=61 (full 0):
 garbage-first heap   total 176128K, used 38247K [0x0000000082000000, 0x0000000100000000)
  region size 1024K, 1 young (1024K), 1 survivors (1024K)
 Metaspace       used 81391K, committed 81856K, reserved 1122304K
  class space    used 10073K, committed 10304K, reserved 1048576K
}
Event: 1113.508 GC heap before
{Heap before GC invocations=61 (full 0):
 garbage-first heap   total 176128K, used 142695K [0x0000000082000000, 0x0000000100000000)
  region size 1024K, 103 young (105472K), 1 survivors (1024K)
 Metaspace       used 81392K, committed 81856K, reserved 1122304K
  class space    used 10073K, committed 10304K, reserved 1048576K
}
Event: 1113.584 GC heap after
{Heap after GC invocations=62 (full 0):
 garbage-first heap   total 176128K, used 38284K [0x0000000082000000, 0x0000000100000000)
  region size 1024K, 1 young (1024K), 1 survivors (1024K)
 Metaspace       used 81392K, committed 81856K, reserved 1122304K
  class space    used 10073K, committed 10304K, reserved 1048576K
}
Event: 1138.467 GC heap before
{Heap before GC invocations=62 (full 0):
 garbage-first heap   total 176128K, used 142732K [0x0000000082000000, 0x0000000100000000)
  region size 1024K, 103 young (105472K), 1 survivors (1024K)
 Metaspace       used 81395K, committed 81856K, reserved 1122304K
  class space    used 10073K, committed 10304K, reserved 1048576K
}
Event: 1138.470 GC heap after
{Heap after GC invocations=63 (full 0):
 garbage-first heap   total 176128K, used 38342K [0x0000000082000000, 0x0000000100000000)
  region size 1024K, 1 young (1024K), 1 survivors (1024K)
 Metaspace       used 81395K, committed 81856K, reserved 1122304K
  class space    used 10073K, committed 10304K, reserved 1048576K
}
Event: 1159.669 GC heap before
{Heap before GC invocations=63 (full 0):
 garbage-first heap   total 176128K, used 142790K [0x0000000082000000, 0x0000000100000000)
  region size 1024K, 103 young (105472K), 1 survivors (1024K)
 Metaspace       used 81408K, committed 81856K, reserved 1122304K
  class space    used 10074K, committed 10304K, reserved 1048576K
}
Event: 1159.726 GC heap after
{Heap after GC invocations=64 (full 0):
 garbage-first heap   total 176128K, used 38391K [0x0000000082000000, 0x0000000100000000)
  region size 1024K, 1 young (1024K), 1 survivors (1024K)
 Metaspace       used 81408K, committed 81856K, reserved 1122304K
  class space    used 10074K, committed 10304K, reserved 1048576K
}
Event: 1186.536 GC heap before
{Heap before GC invocations=64 (full 0):
 garbage-first heap   total 176128K, used 142839K [0x0000000082000000, 0x0000000100000000)
  region size 1024K, 103 young (105472K), 1 survivors (1024K)
 Metaspace       used 81412K, committed 81856K, reserved 1122304K
  class space    used 10074K, committed 10304K, reserved 1048576K
}
Event: 1186.596 GC heap after
{Heap after GC invocations=65 (full 0):
 garbage-first heap   total 176128K, used 38420K [0x0000000082000000, 0x0000000100000000)
  region size 1024K, 1 young (1024K), 1 survivors (1024K)
 Metaspace       used 81412K, committed 81856K, reserved 1122304K
  class space    used 10074K, committed 10304K, reserved 1048576K
}
Event: 1385.062 GC heap before
{Heap before GC invocations=65 (full 0):
 garbage-first heap   total 176128K, used 142868K [0x0000000082000000, 0x0000000100000000)
  region size 1024K, 103 young (105472K), 1 survivors (1024K)
 Metaspace       used 81433K, committed 81920K, reserved 1122304K
  class space    used 10075K, committed 10304K, reserved 1048576K
}
Event: 1385.357 GC heap after
{Heap after GC invocations=66 (full 0):
 garbage-first heap   total 176128K, used 38445K [0x0000000082000000, 0x0000000100000000)
  region size 1024K, 1 young (1024K), 1 survivors (1024K)
 Metaspace       used 81433K, committed 81920K, reserved 1122304K
  class space    used 10075K, committed 10304K, reserved 1048576K
}

